<?xml version="1.0" encoding="UTF-8"?>
<!-- Generated by org.testng.reporters.JUnitReportReporter -->
<testsuite hostname="DESKTOP-LQ9LD78" name="com.qa.test.DemoTest2" tests="3" failures="0" timestamp="9 Apr 2018 11:19:52 GMT" time="0.003" errors="0">
  <testcase name="mul" time="0.001" classname="com.qa.test.DemoTest2"/>
  <testcase name="div" time="0.001" classname="com.qa.test.DemoTest2"/>
  <testcase name="sum" time="0.001" classname="com.qa.test.DemoTest2"/>
</testsuite> <!-- com.qa.test.DemoTest2 -->
